fission 1 0 0 7
wait
smove 15 0 0
wait
smove 12 0 0
fission 1 0 0 3
fission 1 0 0 3
wait
wait
smove 15 0 0
smove 15 0 0
wait
wait
smove 5 0 0
smove 5 0 0
fission 0 1 0 1
fission 0 1 0 1
fission 0 1 0 1
fission 0 1 0 1
wait
wait
wait
smove 0 15 0
smove 0 15 0
wait
smove 0 15 0
smove 0 15 0
wait
wait
wait
smove 0 3 0
smove 0 3 0
wait
smove 0 3 0
smove 0 3 0
fission 0 0 1 0
fission 0 0 1 0
fission 0 0 1 0
fission 0 0 1 0
fission 0 0 1 0
fission 0 0 1 0
fission 0 0 1 0
fission 0 0 1 0
wait
wait
wait
wait
smove 0 0 15
smove 0 0 15
wait
smove 0 0 15
smove 0 0 15
wait
wait
smove 0 0 15
smove 0 0 15
wait
smove 0 0 15
smove 0 0 15
wait
wait
wait
wait
smove 0 0 5
smove 0 0 5
wait
smove 0 0 5
smove 0 0 5
wait
wait
smove 0 0 5
smove 0 0 5
wait
smove 0 0 5
smove 0 0 5
gfill 1 0 1 19 19 19
gfill 1 0 1 19 19 19
gfill -1 0 1 -19 19 19
gfill -1 0 1 -19 -19 19
gfill -1 0 -1 -19 -19 -19
gfill -1 0 -1 -19 19 -19
gfill 1 0 1 19 -19 19
gfill 1 0 -1 19 -19 -19
gfill 1 0 -1 19 19 -19
gfill -1 0 1 -19 19 19
gfill -1 0 1 -19 -19 19
gfill -1 0 -1 -19 -19 -19
gfill -1 0 -1 -19 19 -19
gfill 1 0 1 19 -19 19
gfill 1 0 -1 19 -19 -19
gfill 1 0 -1 19 19 -19
smove 0 15 0
smove 0 15 0
smove 0 15 0
smove 0 15 0
smove 0 15 0
smove 0 15 0
smove 0 15 0
smove 0 15 0
smove 0 15 0
smove 0 15 0
smove 0 15 0
smove 0 15 0
smove 0 15 0
smove 0 15 0
smove 0 15 0
smove 0 15 0
smove 0 5 0
smove 0 5 0
smove 0 5 0
smove 0 5 0
smove 0 5 0
smove 0 5 0
smove 0 5 0
smove 0 5 0
smove 0 5 0
smove 0 5 0
smove 0 5 0
smove 0 5 0
smove 0 5 0
smove 0 5 0
smove 0 5 0
smove 0 5 0
gfill 1 0 1 19 19 19
gfill 1 0 1 19 19 19
gfill -1 0 1 -19 19 19
gfill -1 0 1 -19 -19 19
gfill -1 0 -1 -19 -19 -19
gfill -1 0 -1 -19 19 -19
gfill 1 0 1 19 -19 19
gfill 1 0 -1 19 -19 -19
gfill 1 0 -1 19 19 -19
gfill -1 0 1 -19 19 19
gfill -1 0 1 -19 -19 19
gfill -1 0 -1 -19 -19 -19
gfill -1 0 -1 -19 19 -19
gfill 1 0 1 19 -19 19
gfill 1 0 -1 19 -19 -19
gfill 1 0 -1 19 19 -19
smove 0 8 0
smove 0 8 0
smove 0 8 0
smove 0 8 0
smove 0 8 0
smove 0 8 0
smove 0 8 0
smove 0 8 0
smove 0 8 0
smove 0 8 0
smove 0 8 0
smove 0 8 0
smove 0 8 0
smove 0 8 0
smove 0 8 0
smove 0 8 0
gfill 1 0 1 19 19 19
gfill 1 0 1 19 19 19
gfill -1 0 1 -19 19 19
gfill -1 0 1 -19 -19 19
gfill -1 0 -1 -19 -19 -19
gfill -1 0 -1 -19 19 -19
gfill 1 0 1 19 -19 19
gfill 1 0 -1 19 -19 -19
gfill 1 0 -1 19 19 -19
gfill -1 0 1 -19 19 19
gfill -1 0 1 -19 -19 19
gfill -1 0 -1 -19 -19 -19
gfill -1 0 -1 -19 19 -19
gfill 1 0 1 19 -19 19
gfill 1 0 -1 19 -19 -19
gfill 1 0 -1 19 19 -19
smove 0 -15 0
smove 0 -15 0
smove 0 -15 0
smove 0 -15 0
smove 0 -15 0
smove 0 -15 0
smove 0 -15 0
smove 0 -15 0
smove 0 -15 0
smove 0 -15 0
smove 0 -15 0
smove 0 -15 0
smove 0 -15 0
smove 0 -15 0
smove 0 -15 0
smove 0 -15 0
smove 0 -13 0
smove 0 -13 0
smove 0 -13 0
smove 0 -13 0
smove 0 -13 0
smove 0 -13 0
smove 0 -13 0
smove 0 -13 0
smove 0 -13 0
smove 0 -13 0
smove 0 -13 0
smove 0 -13 0
smove 0 -13 0
smove 0 -13 0
smove 0 -13 0
smove 0 -13 0
smove 0 0 15
smove 0 0 15
smove 0 0 15
smove 0 0 15
smove 0 0 15
smove 0 0 15
smove 0 0 15
smove 0 0 15
smove 0 0 15
smove 0 0 15
smove 0 0 15
smove 0 0 15
smove 0 0 15
smove 0 0 15
smove 0 0 15
smove 0 0 15
smove 0 0 5
smove 0 0 5
smove 0 0 5
smove 0 0 5
smove 0 0 5
smove 0 0 5
smove 0 0 5
smove 0 0 5
smove 0 0 5
smove 0 0 5
smove 0 0 5
smove 0 0 5
smove 0 0 5
smove 0 0 5
smove 0 0 5
smove 0 0 5
gfill 1 0 1 19 19 19
gfill 1 0 1 19 19 19
gfill -1 0 1 -19 19 19
gfill -1 0 1 -19 -19 19
gfill -1 0 -1 -19 -19 -19
gfill -1 0 -1 -19 19 -19
gfill 1 0 1 19 -19 19
gfill 1 0 -1 19 -19 -19
gfill 1 0 -1 19 19 -19
gfill -1 0 1 -19 19 19
gfill -1 0 1 -19 -19 19
gfill -1 0 -1 -19 -19 -19
gfill -1 0 -1 -19 19 -19
gfill 1 0 1 19 -19 19
gfill 1 0 -1 19 -19 -19
gfill 1 0 -1 19 19 -19
smove 0 15 0
smove 0 15 0
smove 0 15 0
smove 0 15 0
smove 0 15 0
smove 0 15 0
smove 0 15 0
smove 0 15 0
smove 0 15 0
smove 0 15 0
smove 0 15 0
smove 0 15 0
smove 0 15 0
smove 0 15 0
smove 0 15 0
smove 0 15 0
smove 0 5 0
smove 0 5 0
smove 0 5 0
smove 0 5 0
smove 0 5 0
smove 0 5 0
smove 0 5 0
smove 0 5 0
smove 0 5 0
smove 0 5 0
smove 0 5 0
smove 0 5 0
smove 0 5 0
smove 0 5 0
smove 0 5 0
smove 0 5 0
gfill 1 0 1 19 19 19
gfill 1 0 1 19 19 19
gfill -1 0 1 -19 19 19
gfill -1 0 1 -19 -19 19
gfill -1 0 -1 -19 -19 -19
gfill -1 0 -1 -19 19 -19
gfill 1 0 1 19 -19 19
gfill 1 0 -1 19 -19 -19
gfill 1 0 -1 19 19 -19
gfill -1 0 1 -19 19 19
gfill -1 0 1 -19 -19 19
gfill -1 0 -1 -19 -19 -19
gfill -1 0 -1 -19 19 -19
gfill 1 0 1 19 -19 19
gfill 1 0 -1 19 -19 -19
gfill 1 0 -1 19 19 -19
smove 0 8 0
smove 0 8 0
smove 0 8 0
smove 0 8 0
smove 0 8 0
smove 0 8 0
smove 0 8 0
smove 0 8 0
smove 0 8 0
smove 0 8 0
smove 0 8 0
smove 0 8 0
smove 0 8 0
smove 0 8 0
smove 0 8 0
smove 0 8 0
gfill 1 0 1 19 19 19
gfill 1 0 1 19 19 19
gfill -1 0 1 -19 19 19
gfill -1 0 1 -19 -19 19
gfill -1 0 -1 -19 -19 -19
gfill -1 0 -1 -19 19 -19
gfill 1 0 1 19 -19 19
gfill 1 0 -1 19 -19 -19
gfill 1 0 -1 19 19 -19
gfill -1 0 1 -19 19 19
gfill -1 0 1 -19 -19 19
gfill -1 0 -1 -19 -19 -19
gfill -1 0 -1 -19 19 -19
gfill 1 0 1 19 -19 19
gfill 1 0 -1 19 -19 -19
gfill 1 0 -1 19 19 -19
smove 0 -15 0
smove 0 -15 0
smove 0 -15 0
smove 0 -15 0
smove 0 -15 0
smove 0 -15 0
smove 0 -15 0
smove 0 -15 0
smove 0 -15 0
smove 0 -15 0
smove 0 -15 0
smove 0 -15 0
smove 0 -15 0
smove 0 -15 0
smove 0 -15 0
smove 0 -15 0
smove 0 -13 0
smove 0 -13 0
smove 0 -13 0
smove 0 -13 0
smove 0 -13 0
smove 0 -13 0
smove 0 -13 0
smove 0 -13 0
smove 0 -13 0
smove 0 -13 0
smove 0 -13 0
smove 0 -13 0
smove 0 -13 0
smove 0 -13 0
smove 0 -13 0
smove 0 -13 0
smove 0 0 8
smove 0 0 8
smove 0 0 8
smove 0 0 8
smove 0 0 8
smove 0 0 8
smove 0 0 8
smove 0 0 8
smove 0 0 8
smove 0 0 8
smove 0 0 8
smove 0 0 8
smove 0 0 8
smove 0 0 8
smove 0 0 8
smove 0 0 8
gfill 1 0 1 19 19 19
gfill 1 0 1 19 19 19
gfill -1 0 1 -19 19 19
gfill -1 0 1 -19 -19 19
gfill -1 0 -1 -19 -19 -19
gfill -1 0 -1 -19 19 -19
gfill 1 0 1 19 -19 19
gfill 1 0 -1 19 -19 -19
gfill 1 0 -1 19 19 -19
gfill -1 0 1 -19 19 19
gfill -1 0 1 -19 -19 19
gfill -1 0 -1 -19 -19 -19
gfill -1 0 -1 -19 19 -19
gfill 1 0 1 19 -19 19
gfill 1 0 -1 19 -19 -19
gfill 1 0 -1 19 19 -19
smove 0 15 0
smove 0 15 0
smove 0 15 0
smove 0 15 0
smove 0 15 0
smove 0 15 0
smove 0 15 0
smove 0 15 0
smove 0 15 0
smove 0 15 0
smove 0 15 0
smove 0 15 0
smove 0 15 0
smove 0 15 0
smove 0 15 0
smove 0 15 0
smove 0 5 0
smove 0 5 0
smove 0 5 0
smove 0 5 0
smove 0 5 0
smove 0 5 0
smove 0 5 0
smove 0 5 0
smove 0 5 0
smove 0 5 0
smove 0 5 0
smove 0 5 0
smove 0 5 0
smove 0 5 0
smove 0 5 0
smove 0 5 0
gfill 1 0 1 19 19 19
gfill 1 0 1 19 19 19
gfill -1 0 1 -19 19 19
gfill -1 0 1 -19 -19 19
gfill -1 0 -1 -19 -19 -19
gfill -1 0 -1 -19 19 -19
gfill 1 0 1 19 -19 19
gfill 1 0 -1 19 -19 -19
gfill 1 0 -1 19 19 -19
gfill -1 0 1 -19 19 19
gfill -1 0 1 -19 -19 19
gfill -1 0 -1 -19 -19 -19
gfill -1 0 -1 -19 19 -19
gfill 1 0 1 19 -19 19
gfill 1 0 -1 19 -19 -19
gfill 1 0 -1 19 19 -19
smove 0 8 0
smove 0 8 0
smove 0 8 0
smove 0 8 0
smove 0 8 0
smove 0 8 0
smove 0 8 0
smove 0 8 0
smove 0 8 0
smove 0 8 0
smove 0 8 0
smove 0 8 0
smove 0 8 0
smove 0 8 0
smove 0 8 0
smove 0 8 0
gfill 1 0 1 19 19 19
gfill 1 0 1 19 19 19
gfill -1 0 1 -19 19 19
gfill -1 0 1 -19 -19 19
gfill -1 0 -1 -19 -19 -19
gfill -1 0 -1 -19 19 -19
gfill 1 0 1 19 -19 19
gfill 1 0 -1 19 -19 -19
gfill 1 0 -1 19 19 -19
gfill -1 0 1 -19 19 19
gfill -1 0 1 -19 -19 19
gfill -1 0 -1 -19 -19 -19
gfill -1 0 -1 -19 19 -19
gfill 1 0 1 19 -19 19
gfill 1 0 -1 19 -19 -19
gfill 1 0 -1 19 19 -19
smove 0 15 0
smove 0 15 0
smove 0 15 0
smove 0 1 0
smove 0 1 0
smove 0 15 0
smove 0 1 0
smove 0 1 0
smove 0 15 0
smove 0 15 0
smove 0 1 0
smove 0 1 0
smove 0 15 0
smove 0 1 0
smove 0 1 0
smove 0 15 0
smove 0 4 0
smove 0 4 0
smove 0 4 0
wait
wait
smove 0 4 0
wait
wait
smove 0 4 0
smove 0 4 0
wait
wait
smove 0 4 0
wait
wait
smove 0 4 0
fusions 0 1 0
fusions 0 1 0
fusions 0 1 0
fusionp 0 -1 0
fusionp 0 -1 0
fusions 0 1 0
fusionp 0 -1 0
fusionp 0 -1 0
fusions 0 1 0
fusions 0 1 0
fusionp 0 -1 0
fusionp 0 -1 0
fusions 0 1 0
fusionp 0 -1 0
fusionp 0 -1 0
fusions 0 1 0
wait
wait
wait
wait
smove 0 0 -15
smove 0 0 -15
smove 0 0 -15
smove 0 0 -15
wait
wait
wait
wait
smove 0 0 -13
smove 0 0 -13
smove 0 0 -13
smove 0 0 -13
smove -15 0 0
smove -15 0 0
smove -15 0 0
smove -15 0 0
wait
wait
wait
wait
smove -13 0 0
smove -13 0 0
smove -12 0 0
smove -12 0 0
wait
wait
smove 1 0 0
smove 1 0 0
smove 7 0 0
smove 7 0 0
smove 15 0 0
smove 15 0 0
smove 7 0 0
smove 7 0 0
smove 15 0 0
smove 15 0 0
wait
wait
smove 5 0 0
smove 5 0 0
wait
wait
smove 5 0 0
smove 5 0 0
smove 0 -15 0
smove 0 -15 0
smove 0 -15 0
smove 0 -15 0
smove 0 -15 0
smove 0 -15 0
smove 0 -15 0
smove 0 -15 0
smove 0 -14 0
smove 0 -14 0
smove 0 -14 0
smove 0 -14 0
smove 0 -14 0
smove 0 -14 0
smove 0 -14 0
smove 0 -14 0
fission 0 -1 0 0
fission 0 -1 0 0
fission 0 -1 0 0
fission 0 -1 0 0
fission 0 -1 0 0
fission 0 -1 0 0
fission 0 -1 0 0
fission 0 -1 0 0
smove 0 -15 0
smove 0 -15 0
smove 0 -15 0
wait
wait
smove 0 -15 0
wait
wait
smove 0 -15 0
smove 0 -15 0
wait
wait
smove 0 -15 0
wait
wait
smove 0 -15 0
smove 0 -3 0
smove 0 -3 0
smove 0 -3 0
wait
wait
smove 0 -3 0
wait
wait
smove 0 -3 0
smove 0 -3 0
wait
wait
smove 0 -3 0
wait
wait
smove 0 -3 0
gfill 0 0 1 7 19 19
gfill 0 0 1 7 19 19
gfill 0 0 1 -7 19 19
gfill 0 0 1 -7 -19 19
gfill 0 0 -1 -7 -19 -19
gfill 0 0 -1 -7 19 -19
gfill 0 0 1 7 -19 19
gfill 0 0 -1 7 -19 -19
gfill 0 0 -1 7 19 -19
gfill 0 0 1 -7 19 19
gfill 0 0 1 -7 -19 19
gfill 0 0 -1 -7 -19 -19
gfill 0 0 -1 -7 19 -19
gfill 0 0 1 7 -19 19
gfill 0 0 -1 7 -19 -19
gfill 0 0 -1 7 19 -19
smove 0 15 0
smove 0 15 0
smove 0 15 0
smove 0 15 0
smove 0 15 0
smove 0 15 0
smove 0 15 0
smove 0 15 0
smove 0 15 0
smove 0 15 0
smove 0 15 0
smove 0 15 0
smove 0 15 0
smove 0 15 0
smove 0 15 0
smove 0 15 0
smove 0 5 0
smove 0 5 0
smove 0 5 0
smove 0 5 0
smove 0 5 0
smove 0 5 0
smove 0 5 0
smove 0 5 0
smove 0 5 0
smove 0 5 0
smove 0 5 0
smove 0 5 0
smove 0 5 0
smove 0 5 0
smove 0 5 0
smove 0 5 0
gfill 0 0 1 7 19 19
gfill 0 0 1 7 19 19
gfill 0 0 1 -7 19 19
gfill 0 0 1 -7 -19 19
gfill 0 0 -1 -7 -19 -19
gfill 0 0 -1 -7 19 -19
gfill 0 0 1 7 -19 19
gfill 0 0 -1 7 -19 -19
gfill 0 0 -1 7 19 -19
gfill 0 0 1 -7 19 19
gfill 0 0 1 -7 -19 19
gfill 0 0 -1 -7 -19 -19
gfill 0 0 -1 -7 19 -19
gfill 0 0 1 7 -19 19
gfill 0 0 -1 7 -19 -19
gfill 0 0 -1 7 19 -19
smove 0 8 0
smove 0 8 0
smove 0 8 0
smove 0 8 0
smove 0 8 0
smove 0 8 0
smove 0 8 0
smove 0 8 0
smove 0 8 0
smove 0 8 0
smove 0 8 0
smove 0 8 0
smove 0 8 0
smove 0 8 0
smove 0 8 0
smove 0 8 0
gfill 0 0 1 7 19 19
gfill 0 0 1 7 19 19
gfill 0 0 1 -7 19 19
gfill 0 0 1 -7 -19 19
gfill 0 0 -1 -7 -19 -19
gfill 0 0 -1 -7 19 -19
gfill 0 0 1 7 -19 19
gfill 0 0 -1 7 -19 -19
gfill 0 0 -1 7 19 -19
gfill 0 0 1 -7 19 19
gfill 0 0 1 -7 -19 19
gfill 0 0 -1 -7 -19 -19
gfill 0 0 -1 -7 19 -19
gfill 0 0 1 7 -19 19
gfill 0 0 -1 7 -19 -19
gfill 0 0 -1 7 19 -19
smove 0 15 0
smove 0 15 0
smove 0 15 0
smove 0 1 0
smove 0 1 0
smove 0 15 0
smove 0 1 0
smove 0 1 0
smove 0 15 0
smove 0 15 0
smove 0 1 0
smove 0 1 0
smove 0 15 0
smove 0 1 0
smove 0 1 0
smove 0 15 0
smove 0 4 0
smove 0 4 0
smove 0 4 0
wait
wait
smove 0 4 0
wait
wait
smove 0 4 0
smove 0 4 0
wait
wait
smove 0 4 0
wait
wait
smove 0 4 0
fusions 0 1 0
fusions 0 1 0
fusions 0 1 0
fusionp 0 -1 0
fusionp 0 -1 0
fusions 0 1 0
fusionp 0 -1 0
fusionp 0 -1 0
fusions 0 1 0
fusions 0 1 0
fusionp 0 -1 0
fusionp 0 -1 0
fusions 0 1 0
fusionp 0 -1 0
fusionp 0 -1 0
fusions 0 1 0
wait
smove 0 0 -15
wait
smove 0 0 -15
wait
smove 0 0 -15
wait
smove 0 0 -15
wait
smove 0 0 -5
wait
smove 0 0 -5
wait
smove 0 0 -5
wait
smove 0 0 -5
fusionp 0 0 1
fusions 0 0 -1
fusionp 0 0 1
fusions 0 0 -1
fusionp 0 0 1
fusions 0 0 -1
fusionp 0 0 1
fusions 0 0 -1
smove -6 0 0
wait
smove -6 0 0
wait
fusions -1 0 0
fusionp 1 0 0
fusions -1 0 0
fusionp 1 0 0
smove 0 0 -15
wait
smove 0 0 -12
wait
fusions 0 0 -1
fusionp 0 0 1
fission 0 0 1 0
fusionp 0 0 -1
fusions 0 0 1
smove 0 0 15
smove 0 0 5
smove 0 -15 0
smove 0 -15 0
smove 0 -15 0
smove 0 -2 0
fission 1 0 0 1
wait
smove 6 0 0
fission 0 0 1 0
fission 0 0 1 0
wait
wait
smove 0 0 6
smove 0 0 6
gfill 0 -1 0 7 0 7
gfill 0 -1 0 -7 0 7
gfill 0 -1 0 -7 0 -7
gfill 0 -1 0 7 0 -7
smove 0 1 0
smove 0 1 0
smove 0 1 0
smove 0 1 0
gfill 0 -1 0 7 0 7
gfill 0 -1 0 -7 0 7
gfill 0 -1 0 -7 0 -7
gfill 0 -1 0 7 0 -7
smove 0 1 0
smove 0 1 0
smove 0 1 0
smove 0 1 0
gfill 0 -1 0 7 0 7
gfill 0 -1 0 -7 0 7
gfill 0 -1 0 -7 0 -7
gfill 0 -1 0 7 0 -7
smove 0 1 0
smove 0 1 0
smove 0 1 0
smove 0 1 0
gfill 0 -1 0 7 0 7
gfill 0 -1 0 -7 0 7
gfill 0 -1 0 -7 0 -7
gfill 0 -1 0 7 0 -7
smove 0 1 0
smove 0 1 0
smove 0 1 0
smove 0 1 0
gfill 0 -1 0 7 0 7
gfill 0 -1 0 -7 0 7
gfill 0 -1 0 -7 0 -7
gfill 0 -1 0 7 0 -7
smove 0 1 0
smove 0 1 0
smove 0 1 0
smove 0 1 0
gfill 0 -1 0 7 0 7
gfill 0 -1 0 -7 0 7
gfill 0 -1 0 -7 0 -7
gfill 0 -1 0 7 0 -7
smove 0 1 0
smove 0 1 0
smove 0 1 0
smove 0 1 0
gfill 0 -1 0 7 0 7
gfill 0 -1 0 -7 0 7
gfill 0 -1 0 -7 0 -7
gfill 0 -1 0 7 0 -7
smove 0 1 0
smove 0 1 0
smove 0 1 0
smove 0 1 0
gfill 0 -1 0 7 0 7
gfill 0 -1 0 -7 0 7
gfill 0 -1 0 -7 0 -7
gfill 0 -1 0 7 0 -7
smove 0 1 0
smove 0 1 0
smove 0 1 0
smove 0 1 0
gfill 0 -1 0 7 0 7
gfill 0 -1 0 -7 0 7
gfill 0 -1 0 -7 0 -7
gfill 0 -1 0 7 0 -7
smove 0 1 0
smove 0 1 0
smove 0 1 0
smove 0 1 0
gfill 0 -1 0 7 0 7
gfill 0 -1 0 -7 0 7
gfill 0 -1 0 -7 0 -7
gfill 0 -1 0 7 0 -7
smove 0 1 0
smove 0 1 0
smove 0 1 0
smove 0 1 0
gfill 0 -1 0 7 0 7
gfill 0 -1 0 -7 0 7
gfill 0 -1 0 -7 0 -7
gfill 0 -1 0 7 0 -7
smove 0 1 0
smove 0 1 0
smove 0 1 0
smove 0 1 0
gfill 0 -1 0 7 0 7
gfill 0 -1 0 -7 0 7
gfill 0 -1 0 -7 0 -7
gfill 0 -1 0 7 0 -7
smove 0 1 0
smove 0 1 0
smove 0 1 0
smove 0 1 0
gfill 0 -1 0 7 0 7
gfill 0 -1 0 -7 0 7
gfill 0 -1 0 -7 0 -7
gfill 0 -1 0 7 0 -7
smove 0 1 0
smove 0 1 0
smove 0 1 0
smove 0 1 0
gfill 0 -1 0 7 0 7
gfill 0 -1 0 -7 0 7
gfill 0 -1 0 -7 0 -7
gfill 0 -1 0 7 0 -7
smove 0 1 0
smove 0 1 0
smove 0 1 0
smove 0 1 0
gfill 0 -1 0 7 0 7
gfill 0 -1 0 -7 0 7
gfill 0 -1 0 -7 0 -7
gfill 0 -1 0 7 0 -7
smove 0 1 0
smove 0 1 0
smove 0 1 0
smove 0 1 0
gfill 0 -1 0 7 0 7
gfill 0 -1 0 -7 0 7
gfill 0 -1 0 -7 0 -7
gfill 0 -1 0 7 0 -7
smove 0 1 0
smove 0 1 0
smove 0 1 0
smove 0 1 0
gfill 0 -1 0 7 0 7
gfill 0 -1 0 -7 0 7
gfill 0 -1 0 -7 0 -7
gfill 0 -1 0 7 0 -7
smove 0 1 0
smove 0 1 0
smove 0 1 0
smove 0 1 0
gfill 0 -1 0 7 0 7
gfill 0 -1 0 -7 0 7
gfill 0 -1 0 -7 0 -7
gfill 0 -1 0 7 0 -7
smove 0 1 0
smove 0 1 0
smove 0 1 0
smove 0 1 0
gfill 0 -1 0 7 0 7
gfill 0 -1 0 -7 0 7
gfill 0 -1 0 -7 0 -7
gfill 0 -1 0 7 0 -7
smove 0 1 0
smove 0 1 0
smove 0 1 0
smove 0 1 0
gfill 0 -1 0 7 0 7
gfill 0 -1 0 -7 0 7
gfill 0 -1 0 -7 0 -7
gfill 0 -1 0 7 0 -7
smove 0 1 0
smove 0 1 0
smove 0 1 0
smove 0 1 0
gfill 0 -1 0 7 0 7
gfill 0 -1 0 -7 0 7
gfill 0 -1 0 -7 0 -7
gfill 0 -1 0 7 0 -7
smove 0 1 0
smove 0 1 0
smove 0 1 0
smove 0 1 0
gfill 0 -1 0 7 0 7
gfill 0 -1 0 -7 0 7
gfill 0 -1 0 -7 0 -7
gfill 0 -1 0 7 0 -7
smove 0 1 0
smove 0 1 0
smove 0 1 0
smove 0 1 0
gfill 0 -1 0 7 0 7
gfill 0 -1 0 -7 0 7
gfill 0 -1 0 -7 0 -7
gfill 0 -1 0 7 0 -7
smove 0 1 0
smove 0 1 0
smove 0 1 0
smove 0 1 0
gfill 0 -1 0 7 0 7
gfill 0 -1 0 -7 0 7
gfill 0 -1 0 -7 0 -7
gfill 0 -1 0 7 0 -7
smove 0 1 0
smove 0 1 0
smove 0 1 0
smove 0 1 0
gfill 0 -1 0 7 0 7
gfill 0 -1 0 -7 0 7
gfill 0 -1 0 -7 0 -7
gfill 0 -1 0 7 0 -7
smove 0 1 0
smove 0 1 0
smove 0 1 0
smove 0 1 0
gfill 0 -1 0 7 0 7
gfill 0 -1 0 -7 0 7
gfill 0 -1 0 -7 0 -7
gfill 0 -1 0 7 0 -7
smove 0 1 0
smove 0 1 0
smove 0 1 0
smove 0 1 0
gfill 0 -1 0 7 0 7
gfill 0 -1 0 -7 0 7
gfill 0 -1 0 -7 0 -7
gfill 0 -1 0 7 0 -7
smove 0 1 0
smove 0 1 0
smove 0 1 0
smove 0 1 0
gfill 0 -1 0 7 0 7
gfill 0 -1 0 -7 0 7
gfill 0 -1 0 -7 0 -7
gfill 0 -1 0 7 0 -7
smove 0 1 0
smove 0 1 0
smove 0 1 0
smove 0 1 0
gfill 0 -1 0 7 0 7
gfill 0 -1 0 -7 0 7
gfill 0 -1 0 -7 0 -7
gfill 0 -1 0 7 0 -7
smove 0 1 0
smove 0 1 0
smove 0 1 0
smove 0 1 0
gfill 0 -1 0 7 0 7
gfill 0 -1 0 -7 0 7
gfill 0 -1 0 -7 0 -7
gfill 0 -1 0 7 0 -7
smove 0 1 0
smove 0 1 0
smove 0 1 0
smove 0 1 0
gfill 0 -1 0 7 0 7
gfill 0 -1 0 -7 0 7
gfill 0 -1 0 -7 0 -7
gfill 0 -1 0 7 0 -7
smove 0 1 0
smove 0 1 0
smove 0 1 0
smove 0 1 0
gfill 0 -1 0 7 0 7
gfill 0 -1 0 -7 0 7
gfill 0 -1 0 -7 0 -7
gfill 0 -1 0 7 0 -7
smove 0 1 0
smove 0 1 0
smove 0 1 0
smove 0 1 0
gfill 0 -1 0 7 0 7
gfill 0 -1 0 -7 0 7
gfill 0 -1 0 -7 0 -7
gfill 0 -1 0 7 0 -7
smove 0 1 0
smove 0 1 0
smove 0 1 0
smove 0 1 0
gfill 0 -1 0 7 0 7
gfill 0 -1 0 -7 0 7
gfill 0 -1 0 -7 0 -7
gfill 0 -1 0 7 0 -7
smove 0 1 0
smove 0 1 0
smove 0 1 0
smove 0 1 0
gfill 0 -1 0 7 0 7
gfill 0 -1 0 -7 0 7
gfill 0 -1 0 -7 0 -7
gfill 0 -1 0 7 0 -7
smove 0 1 0
smove 0 1 0
smove 0 1 0
smove 0 1 0
gfill 0 -1 0 7 0 7
gfill 0 -1 0 -7 0 7
gfill 0 -1 0 -7 0 -7
gfill 0 -1 0 7 0 -7
smove 0 1 0
smove 0 1 0
smove 0 1 0
smove 0 1 0
gfill 0 -1 0 7 0 7
gfill 0 -1 0 -7 0 7
gfill 0 -1 0 -7 0 -7
gfill 0 -1 0 7 0 -7
smove 0 1 0
smove 0 1 0
smove 0 1 0
smove 0 1 0
gfill 0 -1 0 7 0 7
gfill 0 -1 0 -7 0 7
gfill 0 -1 0 -7 0 -7
gfill 0 -1 0 7 0 -7
smove 0 1 0
smove 0 1 0
smove 0 1 0
smove 0 1 0
gfill 0 -1 0 7 0 7
gfill 0 -1 0 -7 0 7
gfill 0 -1 0 -7 0 -7
gfill 0 -1 0 7 0 -7
smove 0 1 0
smove 0 1 0
smove 0 1 0
smove 0 1 0
gfill 0 -1 0 7 0 7
gfill 0 -1 0 -7 0 7
gfill 0 -1 0 -7 0 -7
gfill 0 -1 0 7 0 -7
smove 0 1 0
smove 0 1 0
smove 0 1 0
smove 0 1 0
gfill 0 -1 0 7 0 7
gfill 0 -1 0 -7 0 7
gfill 0 -1 0 -7 0 -7
gfill 0 -1 0 7 0 -7
smove 0 1 0
smove 0 1 0
smove 0 1 0
smove 0 1 0
gfill 0 -1 0 7 0 7
gfill 0 -1 0 -7 0 7
gfill 0 -1 0 -7 0 -7
gfill 0 -1 0 7 0 -7
smove 0 1 0
smove 0 1 0
smove 0 1 0
smove 0 1 0
gfill 0 -1 0 7 0 7
gfill 0 -1 0 -7 0 7
gfill 0 -1 0 -7 0 -7
gfill 0 -1 0 7 0 -7
smove 0 1 0
smove 0 1 0
smove 0 1 0
smove 0 1 0
gfill 0 -1 0 7 0 7
gfill 0 -1 0 -7 0 7
gfill 0 -1 0 -7 0 -7
gfill 0 -1 0 7 0 -7
smove 0 1 0
smove 0 1 0
smove 0 1 0
smove 0 1 0
gfill 0 -1 0 7 0 7
gfill 0 -1 0 -7 0 7
gfill 0 -1 0 -7 0 -7
gfill 0 -1 0 7 0 -7
smove 0 1 0
smove 0 1 0
smove 0 1 0
smove 0 1 0
gfill 0 -1 0 7 0 7
gfill 0 -1 0 -7 0 7
gfill 0 -1 0 -7 0 -7
gfill 0 -1 0 7 0 -7
smove 0 1 0
smove 0 1 0
smove 0 1 0
smove 0 1 0
gfill 0 -1 0 7 0 7
gfill 0 -1 0 -7 0 7
gfill 0 -1 0 -7 0 -7
gfill 0 -1 0 7 0 -7
smove 0 1 0
smove 0 1 0
smove 0 1 0
smove 0 1 0
gfill 0 -1 0 7 0 7
gfill 0 -1 0 -7 0 7
gfill 0 -1 0 -7 0 -7
gfill 0 -1 0 7 0 -7
wait
wait
smove 0 0 -6
smove 0 0 -6
fusionp 0 0 1
fusionp 0 0 1
fusions 0 0 -1
fusions 0 0 -1
wait
smove -6 0 0
fusionp 1 0 0
fusions -1 0 0
smove -15 0 0
smove -6 0 0
smove 0 0 -15
smove 0 0 -6
smove 0 -15 0
smove 0 -15 0
smove 0 -15 0
smove 0 -3 0
halt
