fission 1 0 0 7
wait
smove 15 0 0
wait
smove 15 0 0
wait
smove 7 0 0
fission 1 0 0 3
fission 1 0 0 3
wait
wait
smove 15 0 0
smove 15 0 0
wait
wait
smove 15 0 0
smove 15 0 0
fission 0 1 0 1
fission 0 1 0 1
fission 0 1 0 1
fission 0 1 0 1
wait
wait
wait
smove 0 15 0
smove 0 15 0
wait
smove 0 15 0
smove 0 15 0
wait
wait
wait
smove 0 13 0
smove 0 13 0
wait
smove 0 13 0
smove 0 13 0
fission 0 0 1 0
fission 0 0 1 0
fission 0 0 1 0
fission 0 0 1 0
fission 0 0 1 0
fission 0 0 1 0
fission 0 0 1 0
fission 0 0 1 0
wait
wait
wait
wait
smove 0 0 15
smove 0 0 15
wait
smove 0 0 15
smove 0 0 15
wait
wait
smove 0 0 15
smove 0 0 15
wait
smove 0 0 15
smove 0 0 15
wait
wait
wait
wait
smove 0 0 15
smove 0 0 15
wait
smove 0 0 15
smove 0 0 15
wait
wait
smove 0 0 15
smove 0 0 15
wait
smove 0 0 15
smove 0 0 15
gfill 1 0 1 29 29 29
gfill 1 0 1 29 29 29
gfill -1 0 1 -29 29 29
gfill -1 0 1 -29 -29 29
gfill -1 0 -1 -29 -29 -29
gfill -1 0 -1 -29 29 -29
gfill 1 0 1 29 -29 29
gfill 1 0 -1 29 -29 -29
gfill 1 0 -1 29 29 -29
gfill -1 0 1 -29 29 29
gfill -1 0 1 -29 -29 29
gfill -1 0 -1 -29 -29 -29
gfill -1 0 -1 -29 29 -29
gfill 1 0 1 29 -29 29
gfill 1 0 -1 29 -29 -29
gfill 1 0 -1 29 29 -29
smove 0 15 0
smove 0 15 0
smove 0 15 0
smove 0 15 0
smove 0 15 0
smove 0 15 0
smove 0 15 0
smove 0 15 0
smove 0 15 0
smove 0 15 0
smove 0 15 0
smove 0 15 0
smove 0 15 0
smove 0 15 0
smove 0 15 0
smove 0 15 0
smove 0 15 0
smove 0 15 0
smove 0 15 0
smove 0 15 0
smove 0 15 0
smove 0 15 0
smove 0 15 0
smove 0 15 0
smove 0 15 0
smove 0 15 0
smove 0 15 0
smove 0 15 0
smove 0 15 0
smove 0 15 0
smove 0 15 0
smove 0 15 0
gfill 1 0 1 29 29 29
gfill 1 0 1 29 29 29
gfill -1 0 1 -29 29 29
gfill -1 0 1 -29 -29 29
gfill -1 0 -1 -29 -29 -29
gfill -1 0 -1 -29 29 -29
gfill 1 0 1 29 -29 29
gfill 1 0 -1 29 -29 -29
gfill 1 0 -1 29 29 -29
gfill -1 0 1 -29 29 29
gfill -1 0 1 -29 -29 29
gfill -1 0 -1 -29 -29 -29
gfill -1 0 -1 -29 29 -29
gfill 1 0 1 29 -29 29
gfill 1 0 -1 29 -29 -29
gfill 1 0 -1 29 29 -29
smove 0 8 0
smove 0 8 0
smove 0 8 0
smove 0 8 0
smove 0 8 0
smove 0 8 0
smove 0 8 0
smove 0 8 0
smove 0 8 0
smove 0 8 0
smove 0 8 0
smove 0 8 0
smove 0 8 0
smove 0 8 0
smove 0 8 0
smove 0 8 0
gfill 1 0 1 29 29 29
gfill 1 0 1 29 29 29
gfill -1 0 1 -29 29 29
gfill -1 0 1 -29 -29 29
gfill -1 0 -1 -29 -29 -29
gfill -1 0 -1 -29 29 -29
gfill 1 0 1 29 -29 29
gfill 1 0 -1 29 -29 -29
gfill 1 0 -1 29 29 -29
gfill -1 0 1 -29 29 29
gfill -1 0 1 -29 -29 29
gfill -1 0 -1 -29 -29 -29
gfill -1 0 -1 -29 29 -29
gfill 1 0 1 29 -29 29
gfill 1 0 -1 29 -29 -29
gfill 1 0 -1 29 29 -29
smove 0 -15 0
smove 0 -15 0
smove 0 -15 0
smove 0 -15 0
smove 0 -15 0
smove 0 -15 0
smove 0 -15 0
smove 0 -15 0
smove 0 -15 0
smove 0 -15 0
smove 0 -15 0
smove 0 -15 0
smove 0 -15 0
smove 0 -15 0
smove 0 -15 0
smove 0 -15 0
smove 0 -15 0
smove 0 -15 0
smove 0 -15 0
smove 0 -15 0
smove 0 -15 0
smove 0 -15 0
smove 0 -15 0
smove 0 -15 0
smove 0 -15 0
smove 0 -15 0
smove 0 -15 0
smove 0 -15 0
smove 0 -15 0
smove 0 -15 0
smove 0 -15 0
smove 0 -15 0
smove 0 -8 0
smove 0 -8 0
smove 0 -8 0
smove 0 -8 0
smove 0 -8 0
smove 0 -8 0
smove 0 -8 0
smove 0 -8 0
smove 0 -8 0
smove 0 -8 0
smove 0 -8 0
smove 0 -8 0
smove 0 -8 0
smove 0 -8 0
smove 0 -8 0
smove 0 -8 0
smove 0 0 15
smove 0 0 15
smove 0 0 15
smove 0 0 15
smove 0 0 15
smove 0 0 15
smove 0 0 15
smove 0 0 15
smove 0 0 15
smove 0 0 15
smove 0 0 15
smove 0 0 15
smove 0 0 15
smove 0 0 15
smove 0 0 15
smove 0 0 15
smove 0 0 15
smove 0 0 15
smove 0 0 15
smove 0 0 15
smove 0 0 15
smove 0 0 15
smove 0 0 15
smove 0 0 15
smove 0 0 15
smove 0 0 15
smove 0 0 15
smove 0 0 15
smove 0 0 15
smove 0 0 15
smove 0 0 15
smove 0 0 15
gfill 1 0 1 29 29 29
gfill 1 0 1 29 29 29
gfill -1 0 1 -29 29 29
gfill -1 0 1 -29 -29 29
gfill -1 0 -1 -29 -29 -29
gfill -1 0 -1 -29 29 -29
gfill 1 0 1 29 -29 29
gfill 1 0 -1 29 -29 -29
gfill 1 0 -1 29 29 -29
gfill -1 0 1 -29 29 29
gfill -1 0 1 -29 -29 29
gfill -1 0 -1 -29 -29 -29
gfill -1 0 -1 -29 29 -29
gfill 1 0 1 29 -29 29
gfill 1 0 -1 29 -29 -29
gfill 1 0 -1 29 29 -29
smove 0 15 0
smove 0 15 0
smove 0 15 0
smove 0 15 0
smove 0 15 0
smove 0 15 0
smove 0 15 0
smove 0 15 0
smove 0 15 0
smove 0 15 0
smove 0 15 0
smove 0 15 0
smove 0 15 0
smove 0 15 0
smove 0 15 0
smove 0 15 0
smove 0 15 0
smove 0 15 0
smove 0 15 0
smove 0 15 0
smove 0 15 0
smove 0 15 0
smove 0 15 0
smove 0 15 0
smove 0 15 0
smove 0 15 0
smove 0 15 0
smove 0 15 0
smove 0 15 0
smove 0 15 0
smove 0 15 0
smove 0 15 0
gfill 1 0 1 29 29 29
gfill 1 0 1 29 29 29
gfill -1 0 1 -29 29 29
gfill -1 0 1 -29 -29 29
gfill -1 0 -1 -29 -29 -29
gfill -1 0 -1 -29 29 -29
gfill 1 0 1 29 -29 29
gfill 1 0 -1 29 -29 -29
gfill 1 0 -1 29 29 -29
gfill -1 0 1 -29 29 29
gfill -1 0 1 -29 -29 29
gfill -1 0 -1 -29 -29 -29
gfill -1 0 -1 -29 29 -29
gfill 1 0 1 29 -29 29
gfill 1 0 -1 29 -29 -29
gfill 1 0 -1 29 29 -29
smove 0 8 0
smove 0 8 0
smove 0 8 0
smove 0 8 0
smove 0 8 0
smove 0 8 0
smove 0 8 0
smove 0 8 0
smove 0 8 0
smove 0 8 0
smove 0 8 0
smove 0 8 0
smove 0 8 0
smove 0 8 0
smove 0 8 0
smove 0 8 0
gfill 1 0 1 29 29 29
gfill 1 0 1 29 29 29
gfill -1 0 1 -29 29 29
gfill -1 0 1 -29 -29 29
gfill -1 0 -1 -29 -29 -29
gfill -1 0 -1 -29 29 -29
gfill 1 0 1 29 -29 29
gfill 1 0 -1 29 -29 -29
gfill 1 0 -1 29 29 -29
gfill -1 0 1 -29 29 29
gfill -1 0 1 -29 -29 29
gfill -1 0 -1 -29 -29 -29
gfill -1 0 -1 -29 29 -29
gfill 1 0 1 29 -29 29
gfill 1 0 -1 29 -29 -29
gfill 1 0 -1 29 29 -29
smove 0 -15 0
smove 0 -15 0
smove 0 -15 0
smove 0 -15 0
smove 0 -15 0
smove 0 -15 0
smove 0 -15 0
smove 0 -15 0
smove 0 -15 0
smove 0 -15 0
smove 0 -15 0
smove 0 -15 0
smove 0 -15 0
smove 0 -15 0
smove 0 -15 0
smove 0 -15 0
smove 0 -15 0
smove 0 -15 0
smove 0 -15 0
smove 0 -15 0
smove 0 -15 0
smove 0 -15 0
smove 0 -15 0
smove 0 -15 0
smove 0 -15 0
smove 0 -15 0
smove 0 -15 0
smove 0 -15 0
smove 0 -15 0
smove 0 -15 0
smove 0 -15 0
smove 0 -15 0
smove 0 -8 0
smove 0 -8 0
smove 0 -8 0
smove 0 -8 0
smove 0 -8 0
smove 0 -8 0
smove 0 -8 0
smove 0 -8 0
smove 0 -8 0
smove 0 -8 0
smove 0 -8 0
smove 0 -8 0
smove 0 -8 0
smove 0 -8 0
smove 0 -8 0
smove 0 -8 0
smove 0 0 8
smove 0 0 8
smove 0 0 8
smove 0 0 8
smove 0 0 8
smove 0 0 8
smove 0 0 8
smove 0 0 8
smove 0 0 8
smove 0 0 8
smove 0 0 8
smove 0 0 8
smove 0 0 8
smove 0 0 8
smove 0 0 8
smove 0 0 8
gfill 1 0 1 29 29 29
gfill 1 0 1 29 29 29
gfill -1 0 1 -29 29 29
gfill -1 0 1 -29 -29 29
gfill -1 0 -1 -29 -29 -29
gfill -1 0 -1 -29 29 -29
gfill 1 0 1 29 -29 29
gfill 1 0 -1 29 -29 -29
gfill 1 0 -1 29 29 -29
gfill -1 0 1 -29 29 29
gfill -1 0 1 -29 -29 29
gfill -1 0 -1 -29 -29 -29
gfill -1 0 -1 -29 29 -29
gfill 1 0 1 29 -29 29
gfill 1 0 -1 29 -29 -29
gfill 1 0 -1 29 29 -29
smove 0 15 0
smove 0 15 0
smove 0 15 0
smove 0 15 0
smove 0 15 0
smove 0 15 0
smove 0 15 0
smove 0 15 0
smove 0 15 0
smove 0 15 0
smove 0 15 0
smove 0 15 0
smove 0 15 0
smove 0 15 0
smove 0 15 0
smove 0 15 0
smove 0 15 0
smove 0 15 0
smove 0 15 0
smove 0 15 0
smove 0 15 0
smove 0 15 0
smove 0 15 0
smove 0 15 0
smove 0 15 0
smove 0 15 0
smove 0 15 0
smove 0 15 0
smove 0 15 0
smove 0 15 0
smove 0 15 0
smove 0 15 0
gfill 1 0 1 29 29 29
gfill 1 0 1 29 29 29
gfill -1 0 1 -29 29 29
gfill -1 0 1 -29 -29 29
gfill -1 0 -1 -29 -29 -29
gfill -1 0 -1 -29 29 -29
gfill 1 0 1 29 -29 29
gfill 1 0 -1 29 -29 -29
gfill 1 0 -1 29 29 -29
gfill -1 0 1 -29 29 29
gfill -1 0 1 -29 -29 29
gfill -1 0 -1 -29 -29 -29
gfill -1 0 -1 -29 29 -29
gfill 1 0 1 29 -29 29
gfill 1 0 -1 29 -29 -29
gfill 1 0 -1 29 29 -29
smove 0 8 0
smove 0 8 0
smove 0 8 0
smove 0 8 0
smove 0 8 0
smove 0 8 0
smove 0 8 0
smove 0 8 0
smove 0 8 0
smove 0 8 0
smove 0 8 0
smove 0 8 0
smove 0 8 0
smove 0 8 0
smove 0 8 0
smove 0 8 0
gfill 1 0 1 29 29 29
gfill 1 0 1 29 29 29
gfill -1 0 1 -29 29 29
gfill -1 0 1 -29 -29 29
gfill -1 0 -1 -29 -29 -29
gfill -1 0 -1 -29 29 -29
gfill 1 0 1 29 -29 29
gfill 1 0 -1 29 -29 -29
gfill 1 0 -1 29 29 -29
gfill -1 0 1 -29 29 29
gfill -1 0 1 -29 -29 29
gfill -1 0 -1 -29 -29 -29
gfill -1 0 -1 -29 29 -29
gfill 1 0 1 29 -29 29
gfill 1 0 -1 29 -29 -29
gfill 1 0 -1 29 29 -29
smove 0 15 0
smove 0 15 0
smove 0 15 0
smove 0 1 0
smove 0 1 0
smove 0 15 0
smove 0 1 0
smove 0 1 0
smove 0 15 0
smove 0 15 0
smove 0 1 0
smove 0 1 0
smove 0 15 0
smove 0 1 0
smove 0 1 0
smove 0 15 0
smove 0 14 0
smove 0 14 0
smove 0 14 0
wait
wait
smove 0 14 0
wait
wait
smove 0 14 0
smove 0 14 0
wait
wait
smove 0 14 0
wait
wait
smove 0 14 0
fusions 0 1 0
fusions 0 1 0
fusions 0 1 0
fusionp 0 -1 0
fusionp 0 -1 0
fusions 0 1 0
fusionp 0 -1 0
fusionp 0 -1 0
fusions 0 1 0
fusions 0 1 0
fusionp 0 -1 0
fusionp 0 -1 0
fusions 0 1 0
fusionp 0 -1 0
fusionp 0 -1 0
fusions 0 1 0
wait
wait
wait
wait
smove 0 0 -15
smove 0 0 -15
smove 0 0 -15
smove 0 0 -15
wait
wait
wait
wait
smove 0 0 -15
smove 0 0 -15
smove 0 0 -15
smove 0 0 -15
wait
wait
wait
wait
smove 0 0 -8
smove 0 0 -8
smove 0 0 -8
smove 0 0 -8
smove -15 0 0
smove -15 0 0
smove -15 0 0
smove -15 0 0
wait
wait
wait
wait
smove -15 0 0
smove -15 0 0
smove -15 0 0
smove -15 0 0
wait
wait
wait
wait
smove -8 0 0
smove -8 0 0
smove -7 0 0
smove -7 0 0
wait
wait
smove 1 0 0
smove 1 0 0
smove 7 0 0
smove 7 0 0
smove 15 0 0
smove 15 0 0
smove 7 0 0
smove 7 0 0
smove 15 0 0
smove 15 0 0
wait
wait
smove 15 0 0
smove 15 0 0
wait
wait
smove 15 0 0
smove 15 0 0
smove 0 -15 0
smove 0 -15 0
smove 0 -15 0
smove 0 -15 0
smove 0 -15 0
smove 0 -15 0
smove 0 -15 0
smove 0 -15 0
smove 0 -15 0
smove 0 -15 0
smove 0 -15 0
smove 0 -15 0
smove 0 -15 0
smove 0 -15 0
smove 0 -15 0
smove 0 -15 0
smove 0 -9 0
smove 0 -9 0
smove 0 -9 0
smove 0 -9 0
smove 0 -9 0
smove 0 -9 0
smove 0 -9 0
smove 0 -9 0
fission 0 -1 0 0
fission 0 -1 0 0
fission 0 -1 0 0
fission 0 -1 0 0
fission 0 -1 0 0
fission 0 -1 0 0
fission 0 -1 0 0
fission 0 -1 0 0
smove 0 -15 0
smove 0 -15 0
smove 0 -15 0
wait
wait
smove 0 -15 0
wait
wait
smove 0 -15 0
smove 0 -15 0
wait
wait
smove 0 -15 0
wait
wait
smove 0 -15 0
smove 0 -13 0
smove 0 -13 0
smove 0 -13 0
wait
wait
smove 0 -13 0
wait
wait
smove 0 -13 0
smove 0 -13 0
wait
wait
smove 0 -13 0
wait
wait
smove 0 -13 0
gfill 0 0 1 7 29 29
gfill 0 0 1 7 29 29
gfill 0 0 1 -7 29 29
gfill 0 0 1 -7 -29 29
gfill 0 0 -1 -7 -29 -29
gfill 0 0 -1 -7 29 -29
gfill 0 0 1 7 -29 29
gfill 0 0 -1 7 -29 -29
gfill 0 0 -1 7 29 -29
gfill 0 0 1 -7 29 29
gfill 0 0 1 -7 -29 29
gfill 0 0 -1 -7 -29 -29
gfill 0 0 -1 -7 29 -29
gfill 0 0 1 7 -29 29
gfill 0 0 -1 7 -29 -29
gfill 0 0 -1 7 29 -29
smove 0 15 0
smove 0 15 0
smove 0 15 0
smove 0 15 0
smove 0 15 0
smove 0 15 0
smove 0 15 0
smove 0 15 0
smove 0 15 0
smove 0 15 0
smove 0 15 0
smove 0 15 0
smove 0 15 0
smove 0 15 0
smove 0 15 0
smove 0 15 0
smove 0 15 0
smove 0 15 0
smove 0 15 0
smove 0 15 0
smove 0 15 0
smove 0 15 0
smove 0 15 0
smove 0 15 0
smove 0 15 0
smove 0 15 0
smove 0 15 0
smove 0 15 0
smove 0 15 0
smove 0 15 0
smove 0 15 0
smove 0 15 0
gfill 0 0 1 7 29 29
gfill 0 0 1 7 29 29
gfill 0 0 1 -7 29 29
gfill 0 0 1 -7 -29 29
gfill 0 0 -1 -7 -29 -29
gfill 0 0 -1 -7 29 -29
gfill 0 0 1 7 -29 29
gfill 0 0 -1 7 -29 -29
gfill 0 0 -1 7 29 -29
gfill 0 0 1 -7 29 29
gfill 0 0 1 -7 -29 29
gfill 0 0 -1 -7 -29 -29
gfill 0 0 -1 -7 29 -29
gfill 0 0 1 7 -29 29
gfill 0 0 -1 7 -29 -29
gfill 0 0 -1 7 29 -29
smove 0 8 0
smove 0 8 0
smove 0 8 0
smove 0 8 0
smove 0 8 0
smove 0 8 0
smove 0 8 0
smove 0 8 0
smove 0 8 0
smove 0 8 0
smove 0 8 0
smove 0 8 0
smove 0 8 0
smove 0 8 0
smove 0 8 0
smove 0 8 0
gfill 0 0 1 7 29 29
gfill 0 0 1 7 29 29
gfill 0 0 1 -7 29 29
gfill 0 0 1 -7 -29 29
gfill 0 0 -1 -7 -29 -29
gfill 0 0 -1 -7 29 -29
gfill 0 0 1 7 -29 29
gfill 0 0 -1 7 -29 -29
gfill 0 0 -1 7 29 -29
gfill 0 0 1 -7 29 29
gfill 0 0 1 -7 -29 29
gfill 0 0 -1 -7 -29 -29
gfill 0 0 -1 -7 29 -29
gfill 0 0 1 7 -29 29
gfill 0 0 -1 7 -29 -29
gfill 0 0 -1 7 29 -29
smove 0 15 0
smove 0 15 0
smove 0 15 0
smove 0 1 0
smove 0 1 0
smove 0 15 0
smove 0 1 0
smove 0 1 0
smove 0 15 0
smove 0 15 0
smove 0 1 0
smove 0 1 0
smove 0 15 0
smove 0 1 0
smove 0 1 0
smove 0 15 0
smove 0 14 0
smove 0 14 0
smove 0 14 0
wait
wait
smove 0 14 0
wait
wait
smove 0 14 0
smove 0 14 0
wait
wait
smove 0 14 0
wait
wait
smove 0 14 0
fusions 0 1 0
fusions 0 1 0
fusions 0 1 0
fusionp 0 -1 0
fusionp 0 -1 0
fusions 0 1 0
fusionp 0 -1 0
fusionp 0 -1 0
fusions 0 1 0
fusions 0 1 0
fusionp 0 -1 0
fusionp 0 -1 0
fusions 0 1 0
fusionp 0 -1 0
fusionp 0 -1 0
fusions 0 1 0
wait
smove 0 0 -15
wait
smove 0 0 -15
wait
smove 0 0 -15
wait
smove 0 0 -15
wait
smove 0 0 -15
wait
smove 0 0 -15
wait
smove 0 0 -15
wait
smove 0 0 -15
fusionp 0 0 1
fusions 0 0 -1
fusionp 0 0 1
fusions 0 0 -1
fusionp 0 0 1
fusions 0 0 -1
fusionp 0 0 1
fusions 0 0 -1
smove -6 0 0
wait
smove -6 0 0
wait
fusions -1 0 0
fusionp 1 0 0
fusions -1 0 0
fusionp 1 0 0
smove 0 0 -15
wait
smove 0 0 -15
wait
smove 0 0 -7
wait
fusions 0 0 -1
fusionp 0 0 1
fission 0 0 1 0
fusionp 0 0 -1
fusions 0 0 1
smove 0 0 15
smove 0 0 15
smove 0 -15 0
smove 0 -15 0
smove 0 -15 0
smove 0 -15 0
smove 0 -7 0
fission 1 0 0 1
wait
smove 6 0 0
fission 0 0 1 0
fission 0 0 1 0
wait
wait
smove 0 0 6
smove 0 0 6
gfill 0 -1 0 7 0 7
gfill 0 -1 0 -7 0 7
gfill 0 -1 0 -7 0 -7
gfill 0 -1 0 7 0 -7
smove 0 1 0
smove 0 1 0
smove 0 1 0
smove 0 1 0
gfill 0 -1 0 7 0 7
gfill 0 -1 0 -7 0 7
gfill 0 -1 0 -7 0 -7
gfill 0 -1 0 7 0 -7
smove 0 1 0
smove 0 1 0
smove 0 1 0
smove 0 1 0
gfill 0 -1 0 7 0 7
gfill 0 -1 0 -7 0 7
gfill 0 -1 0 -7 0 -7
gfill 0 -1 0 7 0 -7
smove 0 1 0
smove 0 1 0
smove 0 1 0
smove 0 1 0
gfill 0 -1 0 7 0 7
gfill 0 -1 0 -7 0 7
gfill 0 -1 0 -7 0 -7
gfill 0 -1 0 7 0 -7
smove 0 1 0
smove 0 1 0
smove 0 1 0
smove 0 1 0
gfill 0 -1 0 7 0 7
gfill 0 -1 0 -7 0 7
gfill 0 -1 0 -7 0 -7
gfill 0 -1 0 7 0 -7
smove 0 1 0
smove 0 1 0
smove 0 1 0
smove 0 1 0
gfill 0 -1 0 7 0 7
gfill 0 -1 0 -7 0 7
gfill 0 -1 0 -7 0 -7
gfill 0 -1 0 7 0 -7
smove 0 1 0
smove 0 1 0
smove 0 1 0
smove 0 1 0
gfill 0 -1 0 7 0 7
gfill 0 -1 0 -7 0 7
gfill 0 -1 0 -7 0 -7
gfill 0 -1 0 7 0 -7
smove 0 1 0
smove 0 1 0
smove 0 1 0
smove 0 1 0
gfill 0 -1 0 7 0 7
gfill 0 -1 0 -7 0 7
gfill 0 -1 0 -7 0 -7
gfill 0 -1 0 7 0 -7
smove 0 1 0
smove 0 1 0
smove 0 1 0
smove 0 1 0
gfill 0 -1 0 7 0 7
gfill 0 -1 0 -7 0 7
gfill 0 -1 0 -7 0 -7
gfill 0 -1 0 7 0 -7
smove 0 1 0
smove 0 1 0
smove 0 1 0
smove 0 1 0
gfill 0 -1 0 7 0 7
gfill 0 -1 0 -7 0 7
gfill 0 -1 0 -7 0 -7
gfill 0 -1 0 7 0 -7
smove 0 1 0
smove 0 1 0
smove 0 1 0
smove 0 1 0
gfill 0 -1 0 7 0 7
gfill 0 -1 0 -7 0 7
gfill 0 -1 0 -7 0 -7
gfill 0 -1 0 7 0 -7
smove 0 1 0
smove 0 1 0
smove 0 1 0
smove 0 1 0
gfill 0 -1 0 7 0 7
gfill 0 -1 0 -7 0 7
gfill 0 -1 0 -7 0 -7
gfill 0 -1 0 7 0 -7
smove 0 1 0
smove 0 1 0
smove 0 1 0
smove 0 1 0
gfill 0 -1 0 7 0 7
gfill 0 -1 0 -7 0 7
gfill 0 -1 0 -7 0 -7
gfill 0 -1 0 7 0 -7
smove 0 1 0
smove 0 1 0
smove 0 1 0
smove 0 1 0
gfill 0 -1 0 7 0 7
gfill 0 -1 0 -7 0 7
gfill 0 -1 0 -7 0 -7
gfill 0 -1 0 7 0 -7
smove 0 1 0
smove 0 1 0
smove 0 1 0
smove 0 1 0
gfill 0 -1 0 7 0 7
gfill 0 -1 0 -7 0 7
gfill 0 -1 0 -7 0 -7
gfill 0 -1 0 7 0 -7
smove 0 1 0
smove 0 1 0
smove 0 1 0
smove 0 1 0
gfill 0 -1 0 7 0 7
gfill 0 -1 0 -7 0 7
gfill 0 -1 0 -7 0 -7
gfill 0 -1 0 7 0 -7
smove 0 1 0
smove 0 1 0
smove 0 1 0
smove 0 1 0
gfill 0 -1 0 7 0 7
gfill 0 -1 0 -7 0 7
gfill 0 -1 0 -7 0 -7
gfill 0 -1 0 7 0 -7
smove 0 1 0
smove 0 1 0
smove 0 1 0
smove 0 1 0
gfill 0 -1 0 7 0 7
gfill 0 -1 0 -7 0 7
gfill 0 -1 0 -7 0 -7
gfill 0 -1 0 7 0 -7
smove 0 1 0
smove 0 1 0
smove 0 1 0
smove 0 1 0
gfill 0 -1 0 7 0 7
gfill 0 -1 0 -7 0 7
gfill 0 -1 0 -7 0 -7
gfill 0 -1 0 7 0 -7
smove 0 1 0
smove 0 1 0
smove 0 1 0
smove 0 1 0
gfill 0 -1 0 7 0 7
gfill 0 -1 0 -7 0 7
gfill 0 -1 0 -7 0 -7
gfill 0 -1 0 7 0 -7
smove 0 1 0
smove 0 1 0
smove 0 1 0
smove 0 1 0
gfill 0 -1 0 7 0 7
gfill 0 -1 0 -7 0 7
gfill 0 -1 0 -7 0 -7
gfill 0 -1 0 7 0 -7
smove 0 1 0
smove 0 1 0
smove 0 1 0
smove 0 1 0
gfill 0 -1 0 7 0 7
gfill 0 -1 0 -7 0 7
gfill 0 -1 0 -7 0 -7
gfill 0 -1 0 7 0 -7
smove 0 1 0
smove 0 1 0
smove 0 1 0
smove 0 1 0
gfill 0 -1 0 7 0 7
gfill 0 -1 0 -7 0 7
gfill 0 -1 0 -7 0 -7
gfill 0 -1 0 7 0 -7
smove 0 1 0
smove 0 1 0
smove 0 1 0
smove 0 1 0
gfill 0 -1 0 7 0 7
gfill 0 -1 0 -7 0 7
gfill 0 -1 0 -7 0 -7
gfill 0 -1 0 7 0 -7
smove 0 1 0
smove 0 1 0
smove 0 1 0
smove 0 1 0
gfill 0 -1 0 7 0 7
gfill 0 -1 0 -7 0 7
gfill 0 -1 0 -7 0 -7
gfill 0 -1 0 7 0 -7
smove 0 1 0
smove 0 1 0
smove 0 1 0
smove 0 1 0
gfill 0 -1 0 7 0 7
gfill 0 -1 0 -7 0 7
gfill 0 -1 0 -7 0 -7
gfill 0 -1 0 7 0 -7
smove 0 1 0
smove 0 1 0
smove 0 1 0
smove 0 1 0
gfill 0 -1 0 7 0 7
gfill 0 -1 0 -7 0 7
gfill 0 -1 0 -7 0 -7
gfill 0 -1 0 7 0 -7
smove 0 1 0
smove 0 1 0
smove 0 1 0
smove 0 1 0
gfill 0 -1 0 7 0 7
gfill 0 -1 0 -7 0 7
gfill 0 -1 0 -7 0 -7
gfill 0 -1 0 7 0 -7
smove 0 1 0
smove 0 1 0
smove 0 1 0
smove 0 1 0
gfill 0 -1 0 7 0 7
gfill 0 -1 0 -7 0 7
gfill 0 -1 0 -7 0 -7
gfill 0 -1 0 7 0 -7
smove 0 1 0
smove 0 1 0
smove 0 1 0
smove 0 1 0
gfill 0 -1 0 7 0 7
gfill 0 -1 0 -7 0 7
gfill 0 -1 0 -7 0 -7
gfill 0 -1 0 7 0 -7
smove 0 1 0
smove 0 1 0
smove 0 1 0
smove 0 1 0
gfill 0 -1 0 7 0 7
gfill 0 -1 0 -7 0 7
gfill 0 -1 0 -7 0 -7
gfill 0 -1 0 7 0 -7
smove 0 1 0
smove 0 1 0
smove 0 1 0
smove 0 1 0
gfill 0 -1 0 7 0 7
gfill 0 -1 0 -7 0 7
gfill 0 -1 0 -7 0 -7
gfill 0 -1 0 7 0 -7
smove 0 1 0
smove 0 1 0
smove 0 1 0
smove 0 1 0
gfill 0 -1 0 7 0 7
gfill 0 -1 0 -7 0 7
gfill 0 -1 0 -7 0 -7
gfill 0 -1 0 7 0 -7
smove 0 1 0
smove 0 1 0
smove 0 1 0
smove 0 1 0
gfill 0 -1 0 7 0 7
gfill 0 -1 0 -7 0 7
gfill 0 -1 0 -7 0 -7
gfill 0 -1 0 7 0 -7
smove 0 1 0
smove 0 1 0
smove 0 1 0
smove 0 1 0
gfill 0 -1 0 7 0 7
gfill 0 -1 0 -7 0 7
gfill 0 -1 0 -7 0 -7
gfill 0 -1 0 7 0 -7
smove 0 1 0
smove 0 1 0
smove 0 1 0
smove 0 1 0
gfill 0 -1 0 7 0 7
gfill 0 -1 0 -7 0 7
gfill 0 -1 0 -7 0 -7
gfill 0 -1 0 7 0 -7
smove 0 1 0
smove 0 1 0
smove 0 1 0
smove 0 1 0
gfill 0 -1 0 7 0 7
gfill 0 -1 0 -7 0 7
gfill 0 -1 0 -7 0 -7
gfill 0 -1 0 7 0 -7
smove 0 1 0
smove 0 1 0
smove 0 1 0
smove 0 1 0
gfill 0 -1 0 7 0 7
gfill 0 -1 0 -7 0 7
gfill 0 -1 0 -7 0 -7
gfill 0 -1 0 7 0 -7
smove 0 1 0
smove 0 1 0
smove 0 1 0
smove 0 1 0
gfill 0 -1 0 7 0 7
gfill 0 -1 0 -7 0 7
gfill 0 -1 0 -7 0 -7
gfill 0 -1 0 7 0 -7
smove 0 1 0
smove 0 1 0
smove 0 1 0
smove 0 1 0
gfill 0 -1 0 7 0 7
gfill 0 -1 0 -7 0 7
gfill 0 -1 0 -7 0 -7
gfill 0 -1 0 7 0 -7
smove 0 1 0
smove 0 1 0
smove 0 1 0
smove 0 1 0
gfill 0 -1 0 7 0 7
gfill 0 -1 0 -7 0 7
gfill 0 -1 0 -7 0 -7
gfill 0 -1 0 7 0 -7
smove 0 1 0
smove 0 1 0
smove 0 1 0
smove 0 1 0
gfill 0 -1 0 7 0 7
gfill 0 -1 0 -7 0 7
gfill 0 -1 0 -7 0 -7
gfill 0 -1 0 7 0 -7
smove 0 1 0
smove 0 1 0
smove 0 1 0
smove 0 1 0
gfill 0 -1 0 7 0 7
gfill 0 -1 0 -7 0 7
gfill 0 -1 0 -7 0 -7
gfill 0 -1 0 7 0 -7
smove 0 1 0
smove 0 1 0
smove 0 1 0
smove 0 1 0
gfill 0 -1 0 7 0 7
gfill 0 -1 0 -7 0 7
gfill 0 -1 0 -7 0 -7
gfill 0 -1 0 7 0 -7
smove 0 1 0
smove 0 1 0
smove 0 1 0
smove 0 1 0
gfill 0 -1 0 7 0 7
gfill 0 -1 0 -7 0 7
gfill 0 -1 0 -7 0 -7
gfill 0 -1 0 7 0 -7
smove 0 1 0
smove 0 1 0
smove 0 1 0
smove 0 1 0
gfill 0 -1 0 7 0 7
gfill 0 -1 0 -7 0 7
gfill 0 -1 0 -7 0 -7
gfill 0 -1 0 7 0 -7
smove 0 1 0
smove 0 1 0
smove 0 1 0
smove 0 1 0
gfill 0 -1 0 7 0 7
gfill 0 -1 0 -7 0 7
gfill 0 -1 0 -7 0 -7
gfill 0 -1 0 7 0 -7
smove 0 1 0
smove 0 1 0
smove 0 1 0
smove 0 1 0
gfill 0 -1 0 7 0 7
gfill 0 -1 0 -7 0 7
gfill 0 -1 0 -7 0 -7
gfill 0 -1 0 7 0 -7
smove 0 1 0
smove 0 1 0
smove 0 1 0
smove 0 1 0
gfill 0 -1 0 7 0 7
gfill 0 -1 0 -7 0 7
gfill 0 -1 0 -7 0 -7
gfill 0 -1 0 7 0 -7
smove 0 1 0
smove 0 1 0
smove 0 1 0
smove 0 1 0
gfill 0 -1 0 7 0 7
gfill 0 -1 0 -7 0 7
gfill 0 -1 0 -7 0 -7
gfill 0 -1 0 7 0 -7
smove 0 1 0
smove 0 1 0
smove 0 1 0
smove 0 1 0
gfill 0 -1 0 7 0 7
gfill 0 -1 0 -7 0 7
gfill 0 -1 0 -7 0 -7
gfill 0 -1 0 7 0 -7
smove 0 1 0
smove 0 1 0
smove 0 1 0
smove 0 1 0
gfill 0 -1 0 7 0 7
gfill 0 -1 0 -7 0 7
gfill 0 -1 0 -7 0 -7
gfill 0 -1 0 7 0 -7
smove 0 1 0
smove 0 1 0
smove 0 1 0
smove 0 1 0
gfill 0 -1 0 7 0 7
gfill 0 -1 0 -7 0 7
gfill 0 -1 0 -7 0 -7
gfill 0 -1 0 7 0 -7
smove 0 1 0
smove 0 1 0
smove 0 1 0
smove 0 1 0
gfill 0 -1 0 7 0 7
gfill 0 -1 0 -7 0 7
gfill 0 -1 0 -7 0 -7
gfill 0 -1 0 7 0 -7
smove 0 1 0
smove 0 1 0
smove 0 1 0
smove 0 1 0
gfill 0 -1 0 7 0 7
gfill 0 -1 0 -7 0 7
gfill 0 -1 0 -7 0 -7
gfill 0 -1 0 7 0 -7
smove 0 1 0
smove 0 1 0
smove 0 1 0
smove 0 1 0
gfill 0 -1 0 7 0 7
gfill 0 -1 0 -7 0 7
gfill 0 -1 0 -7 0 -7
gfill 0 -1 0 7 0 -7
smove 0 1 0
smove 0 1 0
smove 0 1 0
smove 0 1 0
gfill 0 -1 0 7 0 7
gfill 0 -1 0 -7 0 7
gfill 0 -1 0 -7 0 -7
gfill 0 -1 0 7 0 -7
smove 0 1 0
smove 0 1 0
smove 0 1 0
smove 0 1 0
gfill 0 -1 0 7 0 7
gfill 0 -1 0 -7 0 7
gfill 0 -1 0 -7 0 -7
gfill 0 -1 0 7 0 -7
smove 0 1 0
smove 0 1 0
smove 0 1 0
smove 0 1 0
gfill 0 -1 0 7 0 7
gfill 0 -1 0 -7 0 7
gfill 0 -1 0 -7 0 -7
gfill 0 -1 0 7 0 -7
smove 0 1 0
smove 0 1 0
smove 0 1 0
smove 0 1 0
gfill 0 -1 0 7 0 7
gfill 0 -1 0 -7 0 7
gfill 0 -1 0 -7 0 -7
gfill 0 -1 0 7 0 -7
smove 0 1 0
smove 0 1 0
smove 0 1 0
smove 0 1 0
gfill 0 -1 0 7 0 7
gfill 0 -1 0 -7 0 7
gfill 0 -1 0 -7 0 -7
gfill 0 -1 0 7 0 -7
smove 0 1 0
smove 0 1 0
smove 0 1 0
smove 0 1 0
gfill 0 -1 0 7 0 7
gfill 0 -1 0 -7 0 7
gfill 0 -1 0 -7 0 -7
gfill 0 -1 0 7 0 -7
smove 0 1 0
smove 0 1 0
smove 0 1 0
smove 0 1 0
gfill 0 -1 0 7 0 7
gfill 0 -1 0 -7 0 7
gfill 0 -1 0 -7 0 -7
gfill 0 -1 0 7 0 -7
smove 0 1 0
smove 0 1 0
smove 0 1 0
smove 0 1 0
gfill 0 -1 0 7 0 7
gfill 0 -1 0 -7 0 7
gfill 0 -1 0 -7 0 -7
gfill 0 -1 0 7 0 -7
smove 0 1 0
smove 0 1 0
smove 0 1 0
smove 0 1 0
gfill 0 -1 0 7 0 7
gfill 0 -1 0 -7 0 7
gfill 0 -1 0 -7 0 -7
gfill 0 -1 0 7 0 -7
smove 0 1 0
smove 0 1 0
smove 0 1 0
smove 0 1 0
gfill 0 -1 0 7 0 7
gfill 0 -1 0 -7 0 7
gfill 0 -1 0 -7 0 -7
gfill 0 -1 0 7 0 -7
smove 0 1 0
smove 0 1 0
smove 0 1 0
smove 0 1 0
gfill 0 -1 0 7 0 7
gfill 0 -1 0 -7 0 7
gfill 0 -1 0 -7 0 -7
gfill 0 -1 0 7 0 -7
smove 0 1 0
smove 0 1 0
smove 0 1 0
smove 0 1 0
gfill 0 -1 0 7 0 7
gfill 0 -1 0 -7 0 7
gfill 0 -1 0 -7 0 -7
gfill 0 -1 0 7 0 -7
wait
wait
smove 0 0 -6
smove 0 0 -6
fusionp 0 0 1
fusionp 0 0 1
fusions 0 0 -1
fusions 0 0 -1
wait
smove -6 0 0
fusionp 1 0 0
fusions -1 0 0
lmove -5 0 0 0 0 -5
smove -15 0 0
smove -11 0 0
smove 0 0 -15
smove 0 0 -11
smove 0 -15 0
smove 0 -15 0
smove 0 -15 0
smove 0 -15 0
smove 0 -8 0
halt
